# JRE version: OpenJDK Runtime Environment (11.0.13) (build 11.0.13+0-b1751.21-8125866)
# Java VM: OpenJDK 64-Bit Server VM (11.0.13+0-b1751.21-8125866, mixed mode, tiered, compressed oops, g1 gc, windows-amd64)
Heap:
 garbage-first heap   total 189440K, used 133207K [0x0000000080000000, 0x0000000100000000)
  region size 1024K, 73 young (74752K), 7 survivors (7168K)
 Metaspace       used 83020K, capacity 84587K, committed 84732K, reserved 1122304K
  class space    used 10706K, capacity 11326K, committed 11340K, reserved 1048576K
GC Heap History (20 events):
Event: 3.535 GC heap before
{Heap before GC invocations=4 (full 0):
 garbage-first heap   total 131072K, used 40459K [0x0000000080000000, 0x0000000100000000)
  region size 1024K, 32 young (32768K), 6 survivors (6144K)
 Metaspace       used 20761K, capacity 21155K, committed 21296K, reserved 1069056K
  class space    used 2517K, capacity 2650K, committed 2688K, reserved 1048576K
}
Event: 3.547 GC heap after
{Heap after GC invocations=5 (full 0):
 garbage-first heap   total 131072K, used 17309K [0x0000000080000000, 0x0000000100000000)
  region size 1024K, 5 young (5120K), 5 survivors (5120K)
 Metaspace       used 20761K, capacity 21155K, committed 21296K, reserved 1069056K
  class space    used 2517K, capacity 2650K, committed 2688K, reserved 1048576K
}
Event: 4.635 GC heap before
{Heap before GC invocations=6 (full 0):
 garbage-first heap   total 131072K, used 69533K [0x0000000080000000, 0x0000000100000000)
  region size 1024K, 57 young (58368K), 5 survivors (5120K)
 Metaspace       used 26261K, capacity 26826K, committed 27132K, reserved 1073152K
  class space    used 3372K, capacity 3567K, committed 3660K, reserved 1048576K
}
Event: 4.650 GC heap after
{Heap after GC invocations=7 (full 0):
 garbage-first heap   total 157696K, used 19367K [0x0000000080000000, 0x0000000100000000)
  region size 1024K, 3 young (3072K), 3 survivors (3072K)
 Metaspace       used 26261K, capacity 26826K, committed 27132K, reserved 1073152K
  class space    used 3372K, capacity 3567K, committed 3660K, reserved 1048576K
}
Event: 6.154 GC heap before
{Heap before GC invocations=7 (full 0):
 garbage-first heap   total 157696K, used 81831K [0x0000000080000000, 0x0000000100000000)
  region size 1024K, 65 young (66560K), 3 survivors (3072K)
 Metaspace       used 35181K, capacity 35890K, committed 35964K, reserved 1081344K
  class space    used 4493K, capacity 4786K, committed 4812K, reserved 1048576K
}
Event: 6.175 GC heap after
{Heap after GC invocations=8 (full 0):
 garbage-first heap   total 157696K, used 22888K [0x0000000080000000, 0x0000000100000000)
  region size 1024K, 7 young (7168K), 7 survivors (7168K)
 Metaspace       used 35181K, capacity 35890K, committed 35964K, reserved 1081344K
  class space    used 4493K, capacity 4786K, committed 4812K, reserved 1048576K
}
Event: 7.625 GC heap before
{Heap before GC invocations=9 (full 0):
 garbage-first heap   total 157696K, used 95592K [0x0000000080000000, 0x0000000100000000)
  region size 1024K, 76 young (77824K), 7 survivors (7168K)
 Metaspace       used 40540K, capacity 41498K, committed 41852K, reserved 1085440K
  class space    used 5094K, capacity 5454K, committed 5580K, reserved 1048576K
}
Event: 7.650 GC heap after
{Heap after GC invocations=10 (full 0):
 garbage-first heap   total 157696K, used 28679K [0x0000000080000000, 0x0000000100000000)
  region size 1024K, 10 young (10240K), 10 survivors (10240K)
 Metaspace       used 40540K, capacity 41498K, committed 41852K, reserved 1085440K
  class space    used 5094K, capacity 5454K, committed 5580K, reserved 1048576K
}
Event: 9.041 GC heap before
{Heap before GC invocations=11 (full 0):
 garbage-first heap   total 157696K, used 106503K [0x0000000080000000, 0x0000000100000000)
  region size 1024K, 85 young (87040K), 10 survivors (10240K)
 Metaspace       used 47130K, capacity 48239K, committed 48380K, reserved 1091584K
  class space    used 5985K, capacity 6396K, committed 6476K, reserved 1048576K
}
Event: 9.065 GC heap after
{Heap after GC invocations=12 (full 0):
 garbage-first heap   total 157696K, used 30640K [0x0000000080000000, 0x0000000100000000)
  region size 1024K, 8 young (8192K), 8 survivors (8192K)
 Metaspace       used 47130K, capacity 48239K, committed 48380K, reserved 1091584K
  class space    used 5985K, capacity 6396K, committed 6476K, reserved 1048576K
}
Event: 10.877 GC heap before
{Heap before GC invocations=12 (full 0):
 garbage-first heap   total 157696K, used 123824K [0x0000000080000000, 0x0000000100000000)
  region size 1024K, 91 young (93184K), 8 survivors (8192K)
 Metaspace       used 52928K, capacity 54192K, committed 54268K, reserved 1095680K
  class space    used 6653K, capacity 7168K, committed 7244K, reserved 1048576K
}
Event: 10.907 GC heap after
{Heap after GC invocations=13 (full 0):
 garbage-first heap   total 189440K, used 48128K [0x0000000080000000, 0x0000000100000000)
  region size 1024K, 12 young (12288K), 12 survivors (12288K)
 Metaspace       used 52928K, capacity 54192K, committed 54268K, reserved 1095680K
  class space    used 6653K, capacity 7168K, committed 7244K, reserved 1048576K
}
Event: 13.977 GC heap before
{Heap before GC invocations=13 (full 0):
 garbage-first heap   total 189440K, used 144384K [0x0000000080000000, 0x0000000100000000)
  region size 1024K, 100 young (102400K), 12 survivors (12288K)
 Metaspace       used 63026K, capacity 64474K, committed 64764K, reserved 1105920K
  class space    used 7893K, capacity 8430K, committed 8524K, reserved 1048576K
}
Event: 14.001 GC heap after
{Heap after GC invocations=14 (full 0):
 garbage-first heap   total 189440K, used 54536K [0x0000000080000000, 0x0000000100000000)
  region size 1024K, 7 young (7168K), 7 survivors (7168K)
 Metaspace       used 63026K, capacity 64474K, committed 64764K, reserved 1105920K
  class space    used 7893K, capacity 8430K, committed 8524K, reserved 1048576K
}
Event: 17.315 GC heap before
{Heap before GC invocations=14 (full 0):
 garbage-first heap   total 189440K, used 144648K [0x0000000080000000, 0x0000000100000000)
  region size 1024K, 94 young (96256K), 7 survivors (7168K)
 Metaspace       used 67918K, capacity 69455K, committed 69756K, reserved 1110016K
  class space    used 8515K, capacity 9118K, committed 9164K, reserved 1048576K
}
Event: 17.336 GC heap after
{Heap after GC invocations=15 (full 0):
 garbage-first heap   total 189440K, used 60226K [0x0000000080000000, 0x0000000100000000)
  region size 1024K, 12 young (12288K), 12 survivors (12288K)
 Metaspace       used 67918K, capacity 69455K, committed 69756K, reserved 1110016K
  class space    used 8515K, capacity 9118K, committed 9164K, reserved 1048576K
}
Event: 17.517 GC heap before
{Heap before GC invocations=15 (full 0):
 garbage-first heap   total 189440K, used 81730K [0x0000000080000000, 0x0000000100000000)
  region size 1024K, 34 young (34816K), 12 survivors (12288K)
 Metaspace       used 68170K, capacity 69650K, committed 69756K, reserved 1110016K
  class space    used 8527K, capacity 9118K, committed 9164K, reserved 1048576K
}
Event: 17.539 GC heap after
{Heap after GC invocations=16 (full 0):
 garbage-first heap   total 189440K, used 62382K [0x0000000080000000, 0x0000000100000000)
  region size 1024K, 8 young (8192K), 8 survivors (8192K)
 Metaspace       used 68170K, capacity 69650K, committed 69756K, reserved 1110016K
  class space    used 8527K, capacity 9118K, committed 9164K, reserved 1048576K
}
Event: 20.070 GC heap before
{Heap before GC invocations=17 (full 0):
 garbage-first heap   total 189440K, used 141230K [0x0000000080000000, 0x0000000100000000)
  region size 1024K, 85 young (87040K), 8 survivors (8192K)
 Metaspace       used 76424K, capacity 78024K, committed 78204K, reserved 1118208K
  class space    used 9803K, capacity 10420K, committed 10444K, reserved 1048576K
}
Event: 20.104 GC heap after
{Heap after GC invocations=18 (full 0):
 garbage-first heap   total 189440K, used 66647K [0x0000000080000000, 0x0000000100000000)
  region size 1024K, 7 young (7168K), 7 survivors (7168K)
 Metaspace       used 76424K, capacity 78024K, committed 78204K, reserved 1118208K
  class space    used 9803K, capacity 10420K, committed 10444K, reserved 1048576K
}

