# JRE version: OpenJDK Runtime Environment (11.0.13) (build 11.0.13+0-b1751.21-8125866)
# Java VM: OpenJDK 64-Bit Server VM (11.0.13+0-b1751.21-8125866, mixed mode, tiered, compressed oops, g1 gc, windows-amd64)
Heap:
 garbage-first heap   total 185344K, used 133752K [0x0000000080000000, 0x0000000100000000)
  region size 1024K, 41 young (41984K), 7 survivors (7168K)
 Metaspace       used 113336K, capacity 115518K, committed 115816K, reserved 1150976K
  class space    used 13906K, capacity 14742K, committed 14828K, reserved 1048576K
GC Heap History (20 events):
Event: 66.255 GC heap before
{Heap before GC invocations=28 (full 0):
 garbage-first heap   total 185344K, used 135822K [0x0000000080000000, 0x0000000100000000)
  region size 1024K, 34 young (34816K), 4 survivors (4096K)
 Metaspace       used 98361K, capacity 100431K, committed 100584K, reserved 1136640K
  class space    used 12247K, capacity 13055K, committed 13164K, reserved 1048576K
}
Event: 66.269 GC heap after
{Heap after GC invocations=29 (full 0):
 garbage-first heap   total 185344K, used 108879K [0x0000000080000000, 0x0000000100000000)
  region size 1024K, 4 young (4096K), 4 survivors (4096K)
 Metaspace       used 98361K, capacity 100431K, committed 100584K, reserved 1136640K
  class space    used 12247K, capacity 13055K, committed 13164K, reserved 1048576K
}
Event: 66.610 GC heap before
{Heap before GC invocations=29 (full 0):
 garbage-first heap   total 185344K, used 112975K [0x0000000080000000, 0x0000000100000000)
  region size 1024K, 9 young (9216K), 4 survivors (4096K)
 Metaspace       used 98544K, capacity 100623K, committed 100840K, reserved 1136640K
  class space    used 12263K, capacity 13055K, committed 13164K, reserved 1048576K
}
Event: 66.621 GC heap after
{Heap after GC invocations=30 (full 0):
 garbage-first heap   total 185344K, used 99619K [0x0000000080000000, 0x0000000100000000)
  region size 1024K, 1 young (1024K), 1 survivors (1024K)
 Metaspace       used 98544K, capacity 100623K, committed 100840K, reserved 1136640K
  class space    used 12263K, capacity 13055K, committed 13164K, reserved 1048576K
}
Event: 69.483 GC heap before
{Heap before GC invocations=30 (full 0):
 garbage-first heap   total 185344K, used 141603K [0x0000000080000000, 0x0000000100000000)
  region size 1024K, 42 young (43008K), 1 survivors (1024K)
 Metaspace       used 99861K, capacity 101982K, committed 102248K, reserved 1138688K
  class space    used 12385K, capacity 13187K, committed 13292K, reserved 1048576K
}
Event: 69.503 GC heap after
{Heap after GC invocations=31 (full 0):
 garbage-first heap   total 185344K, used 104858K [0x0000000080000000, 0x0000000100000000)
  region size 1024K, 6 young (6144K), 6 survivors (6144K)
 Metaspace       used 99861K, capacity 101982K, committed 102248K, reserved 1138688K
  class space    used 12385K, capacity 13187K, committed 13292K, reserved 1048576K
}
Event: 72.043 GC heap before
{Heap before GC invocations=32 (full 0):
 garbage-first heap   total 185344K, used 142746K [0x0000000080000000, 0x0000000100000000)
  region size 1024K, 45 young (46080K), 6 survivors (6144K)
 Metaspace       used 100567K, capacity 102624K, committed 102760K, reserved 1138688K
  class space    used 12450K, capacity 13223K, committed 13292K, reserved 1048576K
}
Event: 72.059 GC heap after
{Heap after GC invocations=33 (full 0):
 garbage-first heap   total 185344K, used 104534K [0x0000000080000000, 0x0000000100000000)
  region size 1024K, 2 young (2048K), 2 survivors (2048K)
 Metaspace       used 100567K, capacity 102624K, committed 102760K, reserved 1138688K
  class space    used 12450K, capacity 13223K, committed 13292K, reserved 1048576K
}
Event: 72.368 GC heap before
{Heap before GC invocations=33 (full 0):
 garbage-first heap   total 185344K, used 110678K [0x0000000080000000, 0x0000000100000000)
  region size 1024K, 9 young (9216K), 2 survivors (2048K)
 Metaspace       used 100639K, capacity 102768K, committed 103016K, reserved 1138688K
  class space    used 12450K, capacity 13223K, committed 13292K, reserved 1048576K
}
Event: 72.387 GC heap after
{Heap after GC invocations=34 (full 0):
 garbage-first heap   total 185344K, used 98033K [0x0000000080000000, 0x0000000100000000)
  region size 1024K, 1 young (1024K), 1 survivors (1024K)
 Metaspace       used 100639K, capacity 102768K, committed 103016K, reserved 1138688K
  class space    used 12450K, capacity 13223K, committed 13292K, reserved 1048576K
}
Event: 75.261 GC heap before
{Heap before GC invocations=34 (full 0):
 garbage-first heap   total 185344K, used 141041K [0x0000000080000000, 0x0000000100000000)
  region size 1024K, 44 young (45056K), 1 survivors (1024K)
 Metaspace       used 101729K, capacity 103881K, committed 103912K, reserved 1140736K
  class space    used 12565K, capacity 13400K, committed 13420K, reserved 1048576K
}
Event: 75.270 GC heap after
{Heap after GC invocations=35 (full 0):
 garbage-first heap   total 185344K, used 99947K [0x0000000080000000, 0x0000000100000000)
  region size 1024K, 3 young (3072K), 3 survivors (3072K)
 Metaspace       used 101729K, capacity 103881K, committed 103912K, reserved 1140736K
  class space    used 12565K, capacity 13400K, committed 13420K, reserved 1048576K
}
Event: 77.410 GC heap before
{Heap before GC invocations=36 (full 0):
 garbage-first heap   total 185344K, used 140907K [0x0000000080000000, 0x0000000100000000)
  region size 1024K, 46 young (47104K), 3 survivors (3072K)
 Metaspace       used 103682K, capacity 105804K, committed 105960K, reserved 1142784K
  class space    used 12803K, capacity 13634K, committed 13676K, reserved 1048576K
}
Event: 77.425 GC heap after
{Heap after GC invocations=37 (full 0):
 garbage-first heap   total 185344K, used 100443K [0x0000000080000000, 0x0000000100000000)
  region size 1024K, 6 young (6144K), 6 survivors (6144K)
 Metaspace       used 103682K, capacity 105804K, committed 105960K, reserved 1142784K
  class space    used 12803K, capacity 13634K, committed 13676K, reserved 1048576K
}
Event: 77.537 GC heap before
{Heap before GC invocations=37 (full 0):
 garbage-first heap   total 185344K, used 102491K [0x0000000080000000, 0x0000000100000000)
  region size 1024K, 9 young (9216K), 6 survivors (6144K)
 Metaspace       used 103875K, capacity 106028K, committed 106344K, reserved 1142784K
  class space    used 12831K, capacity 13666K, committed 13804K, reserved 1048576K
}
Event: 77.551 GC heap after
{Heap after GC invocations=38 (full 0):
 garbage-first heap   total 185344K, used 95233K [0x0000000080000000, 0x0000000100000000)
  region size 1024K, 1 young (1024K), 1 survivors (1024K)
 Metaspace       used 103875K, capacity 106028K, committed 106344K, reserved 1142784K
  class space    used 12831K, capacity 13666K, committed 13804K, reserved 1048576K
}
Event: 80.252 GC heap before
{Heap before GC invocations=38 (full 0):
 garbage-first heap   total 185344K, used 143361K [0x0000000080000000, 0x0000000100000000)
  region size 1024K, 48 young (49152K), 1 survivors (1024K)
 Metaspace       used 107721K, capacity 109842K, committed 110056K, reserved 1144832K
  class space    used 13269K, capacity 14098K, committed 14188K, reserved 1048576K
}
Event: 80.265 GC heap after
{Heap after GC invocations=39 (full 0):
 garbage-first heap   total 185344K, used 97789K [0x0000000080000000, 0x0000000100000000)
  region size 1024K, 4 young (4096K), 4 survivors (4096K)
 Metaspace       used 107721K, capacity 109842K, committed 110056K, reserved 1144832K
  class space    used 13269K, capacity 14098K, committed 14188K, reserved 1048576K
}
Event: 85.112 GC heap before
{Heap before GC invocations=40 (full 0):
 garbage-first heap   total 185344K, used 143869K [0x0000000080000000, 0x0000000100000000)
  region size 1024K, 50 young (51200K), 4 survivors (4096K)
 Metaspace       used 113060K, capacity 115307K, committed 115560K, reserved 1150976K
  class space    used 13905K, capacity 14740K, committed 14828K, reserved 1048576K
}
Event: 85.125 GC heap after
{Heap after GC invocations=41 (full 0):
 garbage-first heap   total 185344K, used 100984K [0x0000000080000000, 0x0000000100000000)
  region size 1024K, 7 young (7168K), 7 survivors (7168K)
 Metaspace       used 113060K, capacity 115307K, committed 115560K, reserved 1150976K
  class space    used 13905K, capacity 14740K, committed 14828K, reserved 1048576K
}

