# JRE version: OpenJDK Runtime Environment (11.0.13) (build 11.0.13+0-b1751.21-8125866)
# Java VM: OpenJDK 64-Bit Server VM (11.0.13+0-b1751.21-8125866, mixed mode, tiered, compressed oops, g1 gc, windows-amd64)
Heap:
 garbage-first heap   total 164864K, used 80593K [0x0000000080000000, 0x0000000100000000)
  region size 1024K, 62 young (63488K), 11 survivors (11264K)
 Metaspace       used 45992K, capacity 47011K, committed 47312K, reserved 1091584K
  class space    used 5813K, capacity 6197K, committed 6272K, reserved 1048576K
GC Heap History (16 events):
Event: 0.723 GC heap before
{Heap before GC invocations=0 (full 0):
 garbage-first heap   total 131072K, used 16384K [0x0000000080000000, 0x0000000100000000)
  region size 1024K, 14 young (14336K), 0 survivors (0K)
 Metaspace       used 6784K, capacity 7001K, committed 7168K, reserved 1056768K
  class space    used 576K, capacity 650K, committed 768K, reserved 1048576K
}
Event: 0.728 GC heap after
{Heap after GC invocations=1 (full 0):
 garbage-first heap   total 131072K, used 4163K [0x0000000080000000, 0x0000000100000000)
  region size 1024K, 2 young (2048K), 2 survivors (2048K)
 Metaspace       used 6784K, capacity 7001K, committed 7168K, reserved 1056768K
  class space    used 576K, capacity 650K, committed 768K, reserved 1048576K
}
Event: 1.589 GC heap before
{Heap before GC invocations=1 (full 0):
 garbage-first heap   total 131072K, used 30787K [0x0000000080000000, 0x0000000100000000)
  region size 1024K, 25 young (25600K), 2 survivors (2048K)
 Metaspace       used 11198K, capacity 11456K, committed 11520K, reserved 1058816K
  class space    used 1155K, capacity 1244K, committed 1280K, reserved 1048576K
}
Event: 1.597 GC heap after
{Heap after GC invocations=2 (full 0):
 garbage-first heap   total 131072K, used 9646K [0x0000000080000000, 0x0000000100000000)
  region size 1024K, 4 young (4096K), 4 survivors (4096K)
 Metaspace       used 11198K, capacity 11456K, committed 11520K, reserved 1058816K
  class space    used 1155K, capacity 1244K, committed 1280K, reserved 1048576K
}
Event: 1.991 GC heap before
{Heap before GC invocations=2 (full 0):
 garbage-first heap   total 131072K, used 35246K [0x0000000080000000, 0x0000000100000000)
  region size 1024K, 29 young (29696K), 4 survivors (4096K)
 Metaspace       used 11320K, capacity 11584K, committed 11776K, reserved 1060864K
  class space    used 1158K, capacity 1244K, committed 1280K, reserved 1048576K
}
Event: 1.999 GC heap after
{Heap after GC invocations=3 (full 0):
 garbage-first heap   total 131072K, used 14058K [0x0000000080000000, 0x0000000100000000)
  region size 1024K, 4 young (4096K), 4 survivors (4096K)
 Metaspace       used 11320K, capacity 11584K, committed 11776K, reserved 1060864K
  class space    used 1158K, capacity 1244K, committed 1280K, reserved 1048576K
}
Event: 4.002 GC heap before
{Heap before GC invocations=3 (full 0):
 garbage-first heap   total 131072K, used 48874K [0x0000000080000000, 0x0000000100000000)
  region size 1024K, 38 young (38912K), 4 survivors (4096K)
 Metaspace       used 17592K, capacity 18081K, committed 18432K, reserved 1064960K
  class space    used 2040K, capacity 2179K, committed 2304K, reserved 1048576K
}
Event: 4.062 GC heap after
{Heap after GC invocations=4 (full 0):
 garbage-first heap   total 131072K, used 17004K [0x0000000080000000, 0x0000000100000000)
  region size 1024K, 3 young (3072K), 3 survivors (3072K)
 Metaspace       used 17592K, capacity 18081K, committed 18432K, reserved 1064960K
  class space    used 2040K, capacity 2179K, committed 2304K, reserved 1048576K
}
Event: 7.283 GC heap before
{Heap before GC invocations=4 (full 0):
 garbage-first heap   total 131072K, used 45676K [0x0000000080000000, 0x0000000100000000)
  region size 1024K, 32 young (32768K), 3 survivors (3072K)
 Metaspace       used 20759K, capacity 21149K, committed 21296K, reserved 1069056K
  class space    used 2514K, capacity 2648K, committed 2688K, reserved 1048576K
}
Event: 7.293 GC heap after
{Heap after GC invocations=5 (full 0):
 garbage-first heap   total 164864K, used 17921K [0x0000000080000000, 0x0000000100000000)
  region size 1024K, 4 young (4096K), 4 survivors (4096K)
 Metaspace       used 20759K, capacity 21149K, committed 21296K, reserved 1069056K
  class space    used 2514K, capacity 2648K, committed 2688K, reserved 1048576K
}
Event: 10.356 GC heap before
{Heap before GC invocations=6 (full 0):
 garbage-first heap   total 164864K, used 72193K [0x0000000080000000, 0x0000000100000000)
  region size 1024K, 57 young (58368K), 4 survivors (4096K)
 Metaspace       used 26330K, capacity 26954K, committed 27056K, reserved 1073152K
  class space    used 3381K, capacity 3567K, committed 3584K, reserved 1048576K
}
Event: 10.371 GC heap after
{Heap after GC invocations=7 (full 0):
 garbage-first heap   total 164864K, used 19870K [0x0000000080000000, 0x0000000100000000)
  region size 1024K, 6 young (6144K), 6 survivors (6144K)
 Metaspace       used 26330K, capacity 26954K, committed 27056K, reserved 1073152K
  class space    used 3381K, capacity 3567K, committed 3584K, reserved 1048576K
}
Event: 12.420 GC heap before
{Heap before GC invocations=7 (full 0):
 garbage-first heap   total 164864K, used 80286K [0x0000000080000000, 0x0000000100000000)
  region size 1024K, 66 young (67584K), 6 survivors (6144K)
 Metaspace       used 35018K, capacity 35714K, committed 35920K, reserved 1081344K
  class space    used 4470K, capacity 4749K, committed 4864K, reserved 1048576K
}
Event: 12.440 GC heap after
{Heap after GC invocations=8 (full 0):
 garbage-first heap   total 164864K, used 23482K [0x0000000080000000, 0x0000000100000000)
  region size 1024K, 7 young (7168K), 7 survivors (7168K)
 Metaspace       used 35018K, capacity 35714K, committed 35920K, reserved 1081344K
  class space    used 4470K, capacity 4749K, committed 4864K, reserved 1048576K
}
Event: 14.838 GC heap before
{Heap before GC invocations=9 (full 0):
 garbage-first heap   total 164864K, used 104378K [0x0000000080000000, 0x0000000100000000)
  region size 1024K, 84 young (86016K), 7 survivors (7168K)
 Metaspace       used 41400K, capacity 42303K, committed 42576K, reserved 1087488K
  class space    used 5234K, capacity 5566K, committed 5632K, reserved 1048576K
}
Event: 14.870 GC heap after
{Heap after GC invocations=10 (full 0):
 garbage-first heap   total 164864K, used 29393K [0x0000000080000000, 0x0000000100000000)
  region size 1024K, 11 young (11264K), 11 survivors (11264K)
 Metaspace       used 41400K, capacity 42303K, committed 42576K, reserved 1087488K
  class space    used 5234K, capacity 5566K, committed 5632K, reserved 1048576K
}

