# JRE version: OpenJDK Runtime Environment (11.0.13) (build 11.0.13+0-b1751.21-8125866)
# Java VM: OpenJDK 64-Bit Server VM (11.0.13+0-b1751.21-8125866, mixed mode, tiered, compressed oops, g1 gc, windows-amd64)
Heap:
 garbage-first heap   total 183296K, used 74344K [0x0000000080000000, 0x0000000100000000)
  region size 1024K, 27 young (27648K), 8 survivors (8192K)
 Metaspace       used 66107K, capacity 67565K, committed 67664K, reserved 1107968K
  class space    used 8289K, capacity 8875K, committed 8908K, reserved 1048576K
GC Heap History (20 events):
Event: 5.471 GC heap before
{Heap before GC invocations=1 (full 0):
 garbage-first heap   total 131072K, used 82868K [0x0000000080000000, 0x0000000100000000)
  region size 1024K, 76 young (77824K), 2 survivors (2048K)
 Metaspace       used 16035K, capacity 16461K, committed 16640K, reserved 1064960K
  class space    used 1807K, capacity 1935K, committed 2048K, reserved 1048576K
}
Event: 5.590 GC heap after
{Heap after GC invocations=2 (full 0):
 garbage-first heap   total 131072K, used 15360K [0x0000000080000000, 0x0000000100000000)
  region size 1024K, 10 young (10240K), 10 survivors (10240K)
 Metaspace       used 16035K, capacity 16461K, committed 16640K, reserved 1064960K
  class space    used 1807K, capacity 1935K, committed 2048K, reserved 1048576K
}
Event: 6.449 GC heap before
{Heap before GC invocations=2 (full 0):
 garbage-first heap   total 131072K, used 48128K [0x0000000080000000, 0x0000000100000000)
  region size 1024K, 42 young (43008K), 10 survivors (10240K)
 Metaspace       used 19747K, capacity 20222K, committed 20352K, reserved 1067008K
  class space    used 2396K, capacity 2572K, committed 2688K, reserved 1048576K
}
Event: 6.467 GC heap after
{Heap after GC invocations=3 (full 0):
 garbage-first heap   total 131072K, used 17154K [0x0000000080000000, 0x0000000100000000)
  region size 1024K, 2 young (2048K), 2 survivors (2048K)
 Metaspace       used 19747K, capacity 20222K, committed 20352K, reserved 1067008K
  class space    used 2396K, capacity 2572K, committed 2688K, reserved 1048576K
}
Event: 6.615 GC heap before
{Heap before GC invocations=3 (full 0):
 garbage-first heap   total 131072K, used 22274K [0x0000000080000000, 0x0000000100000000)
  region size 1024K, 8 young (8192K), 2 survivors (2048K)
 Metaspace       used 20755K, capacity 21149K, committed 21296K, reserved 1069056K
  class space    used 2515K, capacity 2648K, committed 2688K, reserved 1048576K
}
Event: 6.620 GC heap after
{Heap after GC invocations=4 (full 0):
 garbage-first heap   total 131072K, used 16977K [0x0000000080000000, 0x0000000100000000)
  region size 1024K, 2 young (2048K), 2 survivors (2048K)
 Metaspace       used 20755K, capacity 21149K, committed 21296K, reserved 1069056K
  class space    used 2515K, capacity 2648K, committed 2688K, reserved 1048576K
}
Event: 8.410 GC heap before
{Heap before GC invocations=5 (full 0):
 garbage-first heap   total 131072K, used 72273K [0x0000000080000000, 0x0000000100000000)
  region size 1024K, 56 young (57344K), 2 survivors (2048K)
 Metaspace       used 26381K, capacity 26986K, committed 27132K, reserved 1073152K
  class space    used 3392K, capacity 3599K, committed 3660K, reserved 1048576K
}
Event: 8.418 GC heap after
{Heap after GC invocations=6 (full 0):
 garbage-first heap   total 131072K, used 18903K [0x0000000080000000, 0x0000000100000000)
  region size 1024K, 4 young (4096K), 4 survivors (4096K)
 Metaspace       used 26381K, capacity 26986K, committed 27132K, reserved 1073152K
  class space    used 3392K, capacity 3599K, committed 3660K, reserved 1048576K
}
Event: 10.581 GC heap before
{Heap before GC invocations=6 (full 0):
 garbage-first heap   total 131072K, used 77271K [0x0000000080000000, 0x0000000100000000)
  region size 1024K, 62 young (63488K), 4 survivors (4096K)
 Metaspace       used 35168K, capacity 35874K, committed 35964K, reserved 1081344K
  class space    used 4486K, capacity 4781K, committed 4812K, reserved 1048576K
}
Event: 10.600 GC heap after
{Heap after GC invocations=7 (full 0):
 garbage-first heap   total 131072K, used 22562K [0x0000000080000000, 0x0000000100000000)
  region size 1024K, 7 young (7168K), 7 survivors (7168K)
 Metaspace       used 35168K, capacity 35874K, committed 35964K, reserved 1081344K
  class space    used 4486K, capacity 4781K, committed 4812K, reserved 1048576K
}
Event: 13.260 GC heap before
{Heap before GC invocations=8 (full 0):
 garbage-first heap   total 131072K, used 85026K [0x0000000080000000, 0x0000000100000000)
  region size 1024K, 66 young (67584K), 7 survivors (7168K)
 Metaspace       used 39627K, capacity 40485K, committed 40572K, reserved 1085440K
  class space    used 4987K, capacity 5309K, committed 5324K, reserved 1048576K
}
Event: 13.285 GC heap after
{Heap after GC invocations=9 (full 0):
 garbage-first heap   total 183296K, used 27774K [0x0000000080000000, 0x0000000100000000)
  region size 1024K, 9 young (9216K), 9 survivors (9216K)
 Metaspace       used 39627K, capacity 40485K, committed 40572K, reserved 1085440K
  class space    used 4987K, capacity 5309K, committed 5324K, reserved 1048576K
}
Event: 15.500 GC heap before
{Heap before GC invocations=9 (full 0):
 garbage-first heap   total 183296K, used 109694K [0x0000000080000000, 0x0000000100000000)
  region size 1024K, 88 young (90112K), 9 survivors (9216K)
 Metaspace       used 46918K, capacity 47984K, committed 48252K, reserved 1091584K
  class space    used 5943K, capacity 6331K, committed 6348K, reserved 1048576K
}
Event: 15.520 GC heap after
{Heap after GC invocations=10 (full 0):
 garbage-first heap   total 183296K, used 30352K [0x0000000080000000, 0x0000000100000000)
  region size 1024K, 8 young (8192K), 8 survivors (8192K)
 Metaspace       used 46918K, capacity 47984K, committed 48252K, reserved 1091584K
  class space    used 5943K, capacity 6331K, committed 6348K, reserved 1048576K
}
Event: 18.556 GC heap before
{Heap before GC invocations=10 (full 0):
 garbage-first heap   total 183296K, used 131728K [0x0000000080000000, 0x0000000100000000)
  region size 1024K, 99 young (101376K), 8 survivors (8192K)
 Metaspace       used 53510K, capacity 54817K, committed 55036K, reserved 1097728K
  class space    used 6727K, capacity 7226K, committed 7244K, reserved 1048576K
}
Event: 18.584 GC heap after
{Heap after GC invocations=11 (full 0):
 garbage-first heap   total 183296K, used 48442K [0x0000000080000000, 0x0000000100000000)
  region size 1024K, 13 young (13312K), 13 survivors (13312K)
 Metaspace       used 53510K, capacity 54817K, committed 55036K, reserved 1097728K
  class space    used 6727K, capacity 7226K, committed 7244K, reserved 1048576K
}
Event: 20.172 GC heap before
{Heap before GC invocations=11 (full 0):
 garbage-first heap   total 183296K, used 83258K [0x0000000080000000, 0x0000000100000000)
  region size 1024K, 48 young (49152K), 13 survivors (13312K)
 Metaspace       used 58813K, capacity 60220K, committed 60368K, reserved 1101824K
  class space    used 7380K, capacity 7892K, committed 8012K, reserved 1048576K
}
Event: 20.199 GC heap after
{Heap after GC invocations=12 (full 0):
 garbage-first heap   total 183296K, used 50152K [0x0000000080000000, 0x0000000100000000)
  region size 1024K, 2 young (2048K), 2 survivors (2048K)
 Metaspace       used 58813K, capacity 60220K, committed 60368K, reserved 1101824K
  class space    used 7380K, capacity 7892K, committed 8012K, reserved 1048576K
}
Event: 22.613 GC heap before
{Heap before GC invocations=13 (full 0):
 garbage-first heap   total 183296K, used 129000K [0x0000000080000000, 0x0000000100000000)
  region size 1024K, 73 young (74752K), 2 survivors (2048K)
 Metaspace       used 64396K, capacity 65857K, committed 66000K, reserved 1105920K
  class space    used 8073K, capacity 8651K, committed 8780K, reserved 1048576K
}
Event: 22.632 GC heap after
{Heap after GC invocations=14 (full 0):
 garbage-first heap   total 183296K, used 55912K [0x0000000080000000, 0x0000000100000000)
  region size 1024K, 8 young (8192K), 8 survivors (8192K)
 Metaspace       used 64396K, capacity 65857K, committed 66000K, reserved 1105920K
  class space    used 8073K, capacity 8651K, committed 8780K, reserved 1048576K
}

