# JRE version: OpenJDK Runtime Environment (11.0.13) (build 11.0.13+0-b1751.21-8125866)
# Java VM: OpenJDK 64-Bit Server VM (11.0.13+0-b1751.21-8125866, mixed mode, tiered, compressed oops, g1 gc, windows-amd64)
Heap:
 garbage-first heap   total 516096K, used 286693K [0x0000000080000000, 0x0000000100000000)
  region size 1024K, 49 young (50176K), 13 survivors (13312K)
 Metaspace       used 118548K, capacity 121393K, committed 121680K, reserved 1155072K
  class space    used 14941K, capacity 16043K, committed 16128K, reserved 1048576K
GC Heap History (20 events):
Event: 101.738 GC heap before
{Heap before GC invocations=71 (full 0):
 garbage-first heap   total 205824K, used 171575K [0x0000000080000000, 0x0000000100000000)
  region size 1024K, 10 young (10240K), 2 survivors (2048K)
 Metaspace       used 116962K, capacity 119818K, committed 120144K, reserved 1153024K
  class space    used 14815K, capacity 15934K, committed 16128K, reserved 1048576K
}
Event: 101.753 GC heap after
{Heap after GC invocations=72 (full 0):
 garbage-first heap   total 205824K, used 167696K [0x0000000080000000, 0x0000000100000000)
  region size 1024K, 2 young (2048K), 2 survivors (2048K)
 Metaspace       used 116962K, capacity 119818K, committed 120144K, reserved 1153024K
  class space    used 14815K, capacity 15934K, committed 16128K, reserved 1048576K
}
Event: 101.833 GC heap before
{Heap before GC invocations=72 (full 0):
 garbage-first heap   total 205824K, used 175888K [0x0000000080000000, 0x0000000100000000)
  region size 1024K, 10 young (10240K), 2 survivors (2048K)
 Metaspace       used 116987K, capacity 119824K, committed 120144K, reserved 1153024K
  class space    used 14818K, capacity 15936K, committed 16128K, reserved 1048576K
}
Event: 101.849 GC heap after
{Heap after GC invocations=73 (full 0):
 garbage-first heap   total 205824K, used 172032K [0x0000000080000000, 0x0000000100000000)
  region size 1024K, 2 young (2048K), 2 survivors (2048K)
 Metaspace       used 116987K, capacity 119824K, committed 120144K, reserved 1153024K
  class space    used 14818K, capacity 15936K, committed 16128K, reserved 1048576K
}
Event: 101.977 GC heap before
{Heap before GC invocations=73 (full 0):
 garbage-first heap   total 205824K, used 179200K [0x0000000080000000, 0x0000000100000000)
  region size 1024K, 10 young (10240K), 2 survivors (2048K)
 Metaspace       used 117268K, capacity 120080K, committed 120400K, reserved 1153024K
  class space    used 14839K, capacity 15936K, committed 16128K, reserved 1048576K
}
Event: 101.994 GC heap after
{Heap after GC invocations=74 (full 0):
 garbage-first heap   total 289792K, used 175906K [0x0000000080000000, 0x0000000100000000)
  region size 1024K, 2 young (2048K), 2 survivors (2048K)
 Metaspace       used 117268K, capacity 120080K, committed 120400K, reserved 1153024K
  class space    used 14839K, capacity 15936K, committed 16128K, reserved 1048576K
}
Event: 103.196 GC heap before
{Heap before GC invocations=75 (full 0):
 garbage-first heap   total 289792K, used 203554K [0x0000000080000000, 0x0000000100000000)
  region size 1024K, 30 young (30720K), 2 survivors (2048K)
 Metaspace       used 117457K, capacity 120316K, committed 120656K, reserved 1155072K
  class space    used 14862K, capacity 15968K, committed 16128K, reserved 1048576K
}
Event: 103.233 GC heap after
{Heap after GC invocations=76 (full 0):
 garbage-first heap   total 289792K, used 187392K [0x0000000080000000, 0x0000000100000000)
  region size 1024K, 4 young (4096K), 4 survivors (4096K)
 Metaspace       used 117457K, capacity 120316K, committed 120656K, reserved 1155072K
  class space    used 14862K, capacity 15968K, committed 16128K, reserved 1048576K
}
Event: 103.546 GC heap before
{Heap before GC invocations=76 (full 0):
 garbage-first heap   total 289792K, used 212992K [0x0000000080000000, 0x0000000100000000)
  region size 1024K, 30 young (30720K), 4 survivors (4096K)
 Metaspace       used 117482K, capacity 120317K, committed 120656K, reserved 1155072K
  class space    used 14862K, capacity 15968K, committed 16128K, reserved 1048576K
}
Event: 103.584 GC heap after
{Heap after GC invocations=77 (full 0):
 garbage-first heap   total 289792K, used 197385K [0x0000000080000000, 0x0000000100000000)
  region size 1024K, 4 young (4096K), 4 survivors (4096K)
 Metaspace       used 117482K, capacity 120317K, committed 120656K, reserved 1155072K
  class space    used 14862K, capacity 15968K, committed 16128K, reserved 1048576K
}
Event: 104.859 GC heap before
{Heap before GC invocations=78 (full 0):
 garbage-first heap   total 289792K, used 220937K [0x0000000080000000, 0x0000000100000000)
  region size 1024K, 28 young (28672K), 4 survivors (4096K)
 Metaspace       used 117915K, capacity 120800K, committed 120912K, reserved 1155072K
  class space    used 14910K, capacity 16016K, committed 16128K, reserved 1048576K
}
Event: 104.892 GC heap after
{Heap after GC invocations=79 (full 0):
 garbage-first heap   total 289792K, used 208896K [0x0000000080000000, 0x0000000100000000)
  region size 1024K, 4 young (4096K), 4 survivors (4096K)
 Metaspace       used 117915K, capacity 120800K, committed 120912K, reserved 1155072K
  class space    used 14910K, capacity 16016K, committed 16128K, reserved 1048576K
}
Event: 106.627 GC heap before
{Heap before GC invocations=79 (full 0):
 garbage-first heap   total 289792K, used 229376K [0x0000000080000000, 0x0000000100000000)
  region size 1024K, 25 young (25600K), 4 survivors (4096K)
 Metaspace       used 118135K, capacity 120926K, committed 121168K, reserved 1155072K
  class space    used 14919K, capacity 16029K, committed 16128K, reserved 1048576K
}
Event: 106.659 GC heap after
{Heap after GC invocations=80 (full 0):
 garbage-first heap   total 516096K, used 211118K [0x0000000080000000, 0x0000000100000000)
  region size 1024K, 2 young (2048K), 2 survivors (2048K)
 Metaspace       used 118135K, capacity 120926K, committed 121168K, reserved 1155072K
  class space    used 14919K, capacity 16029K, committed 16128K, reserved 1048576K
}
Event: 114.360 GC heap before
{Heap before GC invocations=81 (full 0):
 garbage-first heap   total 516096K, used 295086K [0x0000000080000000, 0x0000000100000000)
  region size 1024K, 85 young (87040K), 2 survivors (2048K)
 Metaspace       used 118332K, capacity 121136K, committed 121424K, reserved 1155072K
  class space    used 14933K, capacity 16034K, committed 16128K, reserved 1048576K
}
Event: 114.402 GC heap after
{Heap after GC invocations=82 (full 0):
 garbage-first heap   total 516096K, used 216515K [0x0000000080000000, 0x0000000100000000)
  region size 1024K, 7 young (7168K), 7 survivors (7168K)
 Metaspace       used 118332K, capacity 121136K, committed 121424K, reserved 1155072K
  class space    used 14933K, capacity 16034K, committed 16128K, reserved 1048576K
}
Event: 117.935 GC heap before
{Heap before GC invocations=82 (full 0):
 garbage-first heap   total 516096K, used 288195K [0x0000000080000000, 0x0000000100000000)
  region size 1024K, 67 young (68608K), 7 survivors (7168K)
 Metaspace       used 118473K, capacity 121302K, committed 121424K, reserved 1155072K
  class space    used 14941K, capacity 16043K, committed 16128K, reserved 1048576K
}
Event: 117.995 GC heap after
{Heap after GC invocations=83 (full 0):
 garbage-first heap   total 516096K, used 233457K [0x0000000080000000, 0x0000000100000000)
  region size 1024K, 7 young (7168K), 7 survivors (7168K)
 Metaspace       used 118473K, capacity 121302K, committed 121424K, reserved 1155072K
  class space    used 14941K, capacity 16043K, committed 16128K, reserved 1048576K
}
Event: 118.860 GC heap before
{Heap before GC invocations=83 (full 0):
 garbage-first heap   total 516096K, used 286705K [0x0000000080000000, 0x0000000100000000)
  region size 1024K, 57 young (58368K), 7 survivors (7168K)
 Metaspace       used 118474K, capacity 121302K, committed 121424K, reserved 1155072K
  class space    used 14941K, capacity 16043K, committed 16128K, reserved 1048576K
}
Event: 118.888 GC heap after
{Heap after GC invocations=84 (full 0):
 garbage-first heap   total 516096K, used 245733K [0x0000000080000000, 0x0000000100000000)
  region size 1024K, 13 young (13312K), 13 survivors (13312K)
 Metaspace       used 118474K, capacity 121302K, committed 121424K, reserved 1155072K
  class space    used 14941K, capacity 16043K, committed 16128K, reserved 1048576K
}

